Classification report for classifier AdaBoostClassifier(algorithm=SAMME,
          base_estimator=DecisionTreeClassifier(compute_importances=None, criterion=gini, max_depth=3,
            max_features=None, min_density=None, min_samples_leaf=1,
            min_samples_split=2, random_state=None, splitter=best),
          base_estimator__compute_importances=None,
          base_estimator__criterion=gini, base_estimator__max_depth=3,
          base_estimator__max_features=None,
          base_estimator__min_density=None,
          base_estimator__min_samples_leaf=1,
          base_estimator__min_samples_split=2,
          base_estimator__random_state=None, base_estimator__splitter=best,
          learning_rate=1.5, n_estimators=600, random_state=None):
             precision    recall  f1-score   support

          0       0.98      0.95      0.97        88
          1       0.99      0.80      0.88        91
          2       1.00      0.88      0.94        86
          3       0.87      0.82      0.85        91
          4       0.97      0.85      0.91        92
          5       0.93      0.90      0.92        91
          6       0.94      0.89      0.92        91
          7       0.98      0.94      0.96        89
          8       0.72      0.98      0.83        88
          9       0.75      0.97      0.85        92

avg / total       0.91      0.90      0.90       899


Confusion matrix:
[[84  0  0  0  1  0  1  0  2  0]
 [ 0 73  0  2  0  0  0  0  3 13]
 [ 1  0 76  8  0  0  0  0  0  1]
 [ 0  0  0 75  0  3  0  2 11  0]
 [ 1  0  0  0 78  0  4  0  1  8]
 [ 0  0  0  0  0 82  0  0  2  7]
 [ 0  0  0  0  0  0 81  0 10  0]
 [ 0  0  0  0  1  1  0 84  3  0]
 [ 0  1  0  0  0  1  0  0 86  0]
 [ 0  0  0  1  0  1  0  0  1 89]]
Classification report for classifier RandomForestClassifier(bootstrap=True, compute_importances=None,
            criterion=gini, max_depth=None, max_features=auto,
            min_density=None, min_samples_leaf=1, min_samples_split=2,
            n_estimators=600, n_jobs=1, oob_score=False, random_state=None,
            verbose=0):
             precision    recall  f1-score   support

          0       0.98      0.99      0.98        88
          1       0.95      0.90      0.93        91
          2       1.00      0.91      0.95        86
          3       0.91      0.86      0.88        91
          4       0.98      0.95      0.96        92
          5       0.88      0.91      0.90        91
          6       0.98      0.99      0.98        91
          7       0.94      0.99      0.96        89
          8       0.91      0.88      0.89        88
          9       0.83      0.96      0.89        92

avg / total       0.93      0.93      0.93       899


Confusion matrix:
[[87  0  0  0  1  0  0  0  0  0]
 [ 0 82  0  2  0  1  0  0  0  6]
 [ 1  0 78  4  0  0  0  0  0  3]
 [ 0  1  0 78  0  3  0  3  5  1]
 [ 1  0  0  0 87  1  0  2  0  1]
 [ 0  0  0  0  0 83  2  0  0  6]
 [ 0  0  0  0  0  0 90  0  1  0]
 [ 0  0  0  0  0  0  0 88  1  0]
 [ 0  3  0  1  1  4  0  1 77  1]
 [ 0  0  0  1  0  2  0  0  1 88]]
fitting with 1 estimators
fitting with 2 estimators
fitting with 3 estimators
fitting with 4 estimators
fitting with 5 estimators
fitting with 6 estimators
fitting with 7 estimators
fitting with 8 estimators
fitting with 9 estimators
fitting with 10 estimators
fitting with 11 estimators
fitting with 12 estimators
fitting with 13 estimators
fitting with 14 estimators
fitting with 15 estimators
fitting with 16 estimators
fitting with 17 estimators
fitting with 18 estimators
fitting with 19 estimators
fitting with 20 estimators
fitting with 21 estimators
fitting with 22 estimators
fitting with 23 estimators
fitting with 24 estimators
fitting with 25 estimators
fitting with 26 estimators
fitting with 27 estimators
fitting with 28 estimators
fitting with 29 estimators
fitting with 30 estimators
fitting with 31 estimators
fitting with 32 estimators
fitting with 33 estimators
fitting with 34 estimators
fitting with 35 estimators
fitting with 36 estimators
fitting with 37 estimators
fitting with 38 estimators
fitting with 39 estimators
fitting with 40 estimators
fitting with 41 estimators
fitting with 42 estimators
fitting with 43 estimators
fitting with 44 estimators
fitting with 45 estimators
fitting with 46 estimators
fitting with 47 estimators
fitting with 48 estimators
fitting with 49 estimators
fitting with 50 estimators
fitting with 51 estimators
fitting with 52 estimators
fitting with 53 estimators
fitting with 54 estimators
fitting with 55 estimators
fitting with 56 estimators
fitting with 57 estimators
fitting with 58 estimators
fitting with 59 estimators
fitting with 60 estimators
fitting with 61 estimators
fitting with 62 estimators
fitting with 63 estimators
fitting with 64 estimators
fitting with 65 estimators
fitting with 66 estimators
fitting with 67 estimators
fitting with 68 estimators
fitting with 69 estimators
fitting with 70 estimators
fitting with 71 estimators
fitting with 72 estimators
fitting with 73 estimators
fitting with 74 estimators
fitting with 75 estimators
fitting with 76 estimators
fitting with 77 estimators
fitting with 78 estimators
fitting with 79 estimators
fitting with 80 estimators
fitting with 81 estimators
fitting with 82 estimators
fitting with 83 estimators
fitting with 84 estimators
fitting with 85 estimators
fitting with 86 estimators
fitting with 87 estimators
fitting with 88 estimators
fitting with 89 estimators
fitting with 90 estimators
fitting with 91 estimators
fitting with 92 estimators
fitting with 93 estimators
fitting with 94 estimators
fitting with 95 estimators
fitting with 96 estimators
fitting with 97 estimators
fitting with 98 estimators
fitting with 99 estimators
fitting with 100 estimators
fitting with 101 estimators
fitting with 102 estimators
fitting with 103 estimators
fitting with 104 estimators
fitting with 105 estimators
fitting with 106 estimators
fitting with 107 estimators
fitting with 108 estimators
fitting with 109 estimators
fitting with 110 estimators
fitting with 111 estimators
fitting with 112 estimators
fitting with 113 estimators
fitting with 114 estimators
fitting with 115 estimators
fitting with 116 estimators
fitting with 117 estimators
fitting with 118 estimators
fitting with 119 estimators
fitting with 120 estimators
fitting with 121 estimators
fitting with 122 estimators
fitting with 123 estimators
fitting with 124 estimators
fitting with 125 estimators
fitting with 126 estimators
fitting with 127 estimators
fitting with 128 estimators
fitting with 129 estimators
fitting with 130 estimators
fitting with 131 estimators
fitting with 132 estimators
fitting with 133 estimators
fitting with 134 estimators
fitting with 135 estimators
fitting with 136 estimators
fitting with 137 estimators
fitting with 138 estimators
fitting with 139 estimators
fitting with 140 estimators
fitting with 141 estimators
fitting with 142 estimators
fitting with 143 estimators
fitting with 144 estimators
fitting with 145 estimators
fitting with 146 estimators
fitting with 147 estimators
fitting with 148 estimators
fitting with 149 estimators
fitting with 150 estimators
fitting with 151 estimators
fitting with 152 estimators
fitting with 153 estimators
fitting with 154 estimators
fitting with 155 estimators
fitting with 156 estimators
fitting with 157 estimators
fitting with 158 estimators
fitting with 159 estimators
fitting with 160 estimators
fitting with 161 estimators
fitting with 162 estimators
fitting with 163 estimators
fitting with 164 estimators
fitting with 165 estimators
fitting with 166 estimators
fitting with 167 estimators
fitting with 168 estimators
fitting with 169 estimators
fitting with 170 estimators
fitting with 171 estimators
fitting with 172 estimators
fitting with 173 estimators
fitting with 174 estimators
fitting with 175 estimators
fitting with 176 estimators
fitting with 177 estimators
fitting with 178 estimators
fitting with 179 estimators
fitting with 180 estimators
fitting with 181 estimators
fitting with 182 estimators
fitting with 183 estimators
fitting with 184 estimators
fitting with 185 estimators
fitting with 186 estimators
fitting with 187 estimators
fitting with 188 estimators
fitting with 189 estimators
fitting with 190 estimators
fitting with 191 estimators
fitting with 192 estimators
fitting with 193 estimators
fitting with 194 estimators
fitting with 195 estimators
fitting with 196 estimators
fitting with 197 estimators
fitting with 198 estimators
fitting with 199 estimators
fitting with 200 estimators
fitting with 201 estimators
fitting with 202 estimators
fitting with 203 estimators
fitting with 204 estimators
fitting with 205 estimators
fitting with 206 estimators
fitting with 207 estimators
fitting with 208 estimators
fitting with 209 estimators
fitting with 210 estimators
fitting with 211 estimators
fitting with 212 estimators
fitting with 213 estimators
fitting with 214 estimators
fitting with 215 estimators
fitting with 216 estimators
fitting with 217 estimators
fitting with 218 estimators
fitting with 219 estimators
fitting with 220 estimators
fitting with 221 estimators
fitting with 222 estimators
fitting with 223 estimators
fitting with 224 estimators
fitting with 225 estimators
fitting with 226 estimators
fitting with 227 estimators
fitting with 228 estimators
fitting with 229 estimators
fitting with 230 estimators
fitting with 231 estimators
fitting with 232 estimators
fitting with 233 estimators
fitting with 234 estimators
fitting with 235 estimators
fitting with 236 estimators
fitting with 237 estimators
fitting with 238 estimators
fitting with 239 estimators
fitting with 240 estimators
fitting with 241 estimators
fitting with 242 estimators
fitting with 243 estimators
fitting with 244 estimators
fitting with 245 estimators
fitting with 246 estimators
fitting with 247 estimators
fitting with 248 estimators
fitting with 249 estimators
fitting with 250 estimators
fitting with 251 estimators
fitting with 252 estimators
fitting with 253 estimators
fitting with 254 estimators
fitting with 255 estimators
fitting with 256 estimators
fitting with 257 estimators
fitting with 258 estimators
fitting with 259 estimators
fitting with 260 estimators
fitting with 261 estimators
fitting with 262 estimators
fitting with 263 estimators
fitting with 264 estimators
fitting with 265 estimators
fitting with 266 estimators
fitting with 267 estimators
fitting with 268 estimators
fitting with 269 estimators
fitting with 270 estimators
fitting with 271 estimators
fitting with 272 estimators
fitting with 273 estimators
fitting with 274 estimators
fitting with 275 estimators
fitting with 276 estimators
fitting with 277 estimators
fitting with 278 estimators
fitting with 279 estimators
fitting with 280 estimators
fitting with 281 estimators
fitting with 282 estimators
fitting with 283 estimators
fitting with 284 estimators
fitting with 285 estimators
fitting with 286 estimators
fitting with 287 estimators
fitting with 288 estimators
fitting with 289 estimators
fitting with 290 estimators
fitting with 291 estimators
fitting with 292 estimators
fitting with 293 estimators
fitting with 294 estimators
fitting with 295 estimators
fitting with 296 estimators
fitting with 297 estimators
fitting with 298 estimators
fitting with 299 estimators
fitting with 300 estimators
fitting with 301 estimators
fitting with 302 estimators
fitting with 303 estimators
fitting with 304 estimators
fitting with 305 estimators
fitting with 306 estimators
fitting with 307 estimators
fitting with 308 estimators
fitting with 309 estimators
fitting with 310 estimators
fitting with 311 estimators
fitting with 312 estimators
fitting with 313 estimators
fitting with 314 estimators
fitting with 315 estimators
fitting with 316 estimators
fitting with 317 estimators
fitting with 318 estimators
fitting with 319 estimators
fitting with 320 estimators
fitting with 321 estimators
fitting with 322 estimators
fitting with 323 estimators
fitting with 324 estimators
fitting with 325 estimators
fitting with 326 estimators
fitting with 327 estimators
fitting with 328 estimators
fitting with 329 estimators
fitting with 330 estimators
fitting with 331 estimators
fitting with 332 estimators
fitting with 333 estimators
fitting with 334 estimators
fitting with 335 estimators
fitting with 336 estimators
fitting with 337 estimators
fitting with 338 estimators
fitting with 339 estimators
fitting with 340 estimators
fitting with 341 estimators
fitting with 342 estimators
fitting with 343 estimators
fitting with 344 estimators
fitting with 345 estimators
fitting with 346 estimators
fitting with 347 estimators
fitting with 348 estimators
fitting with 349 estimators
fitting with 350 estimators
fitting with 351 estimators
fitting with 352 estimators
fitting with 353 estimators
fitting with 354 estimators
fitting with 355 estimators
fitting with 356 estimators
fitting with 357 estimators
fitting with 358 estimators
fitting with 359 estimators
fitting with 360 estimators
fitting with 361 estimators
fitting with 362 estimators
fitting with 363 estimators
fitting with 364 estimators
fitting with 365 estimators
fitting with 366 estimators
fitting with 367 estimators
fitting with 368 estimators
fitting with 369 estimators
fitting with 370 estimators
fitting with 371 estimators
fitting with 372 estimators
fitting with 373 estimators
fitting with 374 estimators
fitting with 375 estimators
fitting with 376 estimators
fitting with 377 estimators
fitting with 378 estimators
fitting with 379 estimators
fitting with 380 estimators
fitting with 381 estimators
fitting with 382 estimators
fitting with 383 estimators
fitting with 384 estimators
fitting with 385 estimators
fitting with 386 estimators
fitting with 387 estimators
fitting with 388 estimators
fitting with 389 estimators
fitting with 390 estimators
fitting with 391 estimators
fitting with 392 estimators
fitting with 393 estimators
fitting with 394 estimators
fitting with 395 estimators
fitting with 396 estimators
fitting with 397 estimators
fitting with 398 estimators
fitting with 399 estimators
fitting with 400 estimators
fitting with 401 estimators
fitting with 402 estimators
fitting with 403 estimators
fitting with 404 estimators
fitting with 405 estimators
fitting with 406 estimators
fitting with 407 estimators
fitting with 408 estimators
fitting with 409 estimators
fitting with 410 estimators
fitting with 411 estimators
fitting with 412 estimators
fitting with 413 estimators
fitting with 414 estimators
fitting with 415 estimators
fitting with 416 estimators
fitting with 417 estimators
fitting with 418 estimators
fitting with 419 estimators
fitting with 420 estimators
fitting with 421 estimators
fitting with 422 estimators
fitting with 423 estimators
fitting with 424 estimators
fitting with 425 estimators
fitting with 426 estimators
fitting with 427 estimators
fitting with 428 estimators
fitting with 429 estimators
fitting with 430 estimators
fitting with 431 estimators
fitting with 432 estimators
fitting with 433 estimators
fitting with 434 estimators
fitting with 435 estimators
fitting with 436 estimators
fitting with 437 estimators
fitting with 438 estimators
fitting with 439 estimators
fitting with 440 estimators
fitting with 441 estimators
fitting with 442 estimators
fitting with 443 estimators
fitting with 444 estimators
fitting with 445 estimators
fitting with 446 estimators
fitting with 447 estimators
fitting with 448 estimators
fitting with 449 estimators
fitting with 450 estimators
fitting with 451 estimators
fitting with 452 estimators
fitting with 453 estimators
fitting with 454 estimators
fitting with 455 estimators
fitting with 456 estimators
fitting with 457 estimators
fitting with 458 estimators
fitting with 459 estimators
fitting with 460 estimators
fitting with 461 estimators
fitting with 462 estimators
fitting with 463 estimators
fitting with 464 estimators
fitting with 465 estimators
fitting with 466 estimators
fitting with 467 estimators
fitting with 468 estimators
fitting with 469 estimators
fitting with 470 estimators
fitting with 471 estimators
fitting with 472 estimators
fitting with 473 estimators
fitting with 474 estimators
fitting with 475 estimators
fitting with 476 estimators
fitting with 477 estimators
fitting with 478 estimators
fitting with 479 estimators
fitting with 480 estimators
fitting with 481 estimators
fitting with 482 estimators
fitting with 483 estimators
fitting with 484 estimators
fitting with 485 estimators
fitting with 486 estimators
fitting with 487 estimators
fitting with 488 estimators
fitting with 489 estimators
fitting with 490 estimators
fitting with 491 estimators
fitting with 492 estimators
fitting with 493 estimators
fitting with 494 estimators
fitting with 495 estimators
fitting with 496 estimators
fitting with 497 estimators
fitting with 498 estimators
fitting with 499 estimators
fitting with 500 estimators
fitting with 501 estimators
fitting with 502 estimators
fitting with 503 estimators
fitting with 504 estimators
fitting with 505 estimators
fitting with 506 estimators
fitting with 507 estimators
fitting with 508 estimators
fitting with 509 estimators
fitting with 510 estimators
fitting with 511 estimators
fitting with 512 estimators
fitting with 513 estimators
fitting with 514 estimators
fitting with 515 estimators
fitting with 516 estimators
fitting with 517 estimators
fitting with 518 estimators
fitting with 519 estimators
fitting with 520 estimators
fitting with 521 estimators
fitting with 522 estimators
fitting with 523 estimators
fitting with 524 estimators
fitting with 525 estimators
fitting with 526 estimators
fitting with 527 estimators
fitting with 528 estimators
fitting with 529 estimators
fitting with 530 estimators
fitting with 531 estimators
fitting with 532 estimators
fitting with 533 estimators
fitting with 534 estimators
fitting with 535 estimators
fitting with 536 estimators
fitting with 537 estimators
fitting with 538 estimators
fitting with 539 estimators
fitting with 540 estimators
fitting with 541 estimators
fitting with 542 estimators
fitting with 543 estimators
fitting with 544 estimators
fitting with 545 estimators
fitting with 546 estimators
fitting with 547 estimators
fitting with 548 estimators
fitting with 549 estimators
fitting with 550 estimators
fitting with 551 estimators
fitting with 552 estimators
fitting with 553 estimators
fitting with 554 estimators
fitting with 555 estimators
fitting with 556 estimators
fitting with 557 estimators
fitting with 558 estimators
fitting with 559 estimators
fitting with 560 estimators
fitting with 561 estimators
fitting with 562 estimators
fitting with 563 estimators
fitting with 564 estimators
fitting with 565 estimators
fitting with 566 estimators
fitting with 567 estimators
fitting with 568 estimators
fitting with 569 estimators
fitting with 570 estimators
fitting with 571 estimators
fitting with 572 estimators
fitting with 573 estimators
fitting with 574 estimators
fitting with 575 estimators
fitting with 576 estimators
fitting with 577 estimators
fitting with 578 estimators
fitting with 579 estimators
fitting with 580 estimators
fitting with 581 estimators
fitting with 582 estimators
fitting with 583 estimators
fitting with 584 estimators
fitting with 585 estimators
fitting with 586 estimators
fitting with 587 estimators
fitting with 588 estimators
fitting with 589 estimators
fitting with 590 estimators
fitting with 591 estimators
fitting with 592 estimators
fitting with 593 estimators
fitting with 594 estimators
fitting with 595 estimators
fitting with 596 estimators
fitting with 597 estimators
fitting with 598 estimators
fitting with 599 estimators
fitting with 600 estimators
